<?xml version="1.0" encoding="UTF-8"?>
<!-- Generated by org.testng.reporters.JUnitReportReporter -->
<testsuite skipped="0" hostname="Hemchand-PC" name="LoginTC" tests="1" failures="0" timestamp="16 Mar 2017 19:19:21 GMT" time="10.284" errors="0">
  <testcase name="LTC" time="10.284" classname="LoginTC"/>
</testsuite> <!-- LoginTC -->
