<?xml version="1.0" encoding="UTF-8"?>
<!-- Generated by org.testng.reporters.JUnitReportReporter -->
<testsuite skipped="0" hostname="Hemchand-PC" name="EmpReg" tests="1" failures="0" timestamp="15 Mar 2017 22:40:11 GMT" time="1.742" errors="0">
  <testcase name="emp_reg" time="1.742" classname="EmpReg"/>
</testsuite> <!-- EmpReg -->
